2024-09-21T19:59:27.181Z [info]: Server is listening on port: 3000
2024-09-21T21:09:27.045Z [info]: Server is listening on port: 3000
2024-09-21T21:35:49.511Z [info]: Server is listening on port: 3000
2024-09-21T21:35:53.681Z [info]:  Incoming DELETE : /items
2024-09-21T21:35:59.623Z [info]:  Incoming GET : /items
2024-09-21T21:36:27.876Z [info]:  Incoming GET : /items
2024-09-21T21:36:32.845Z [info]:  Incoming GET : /items
2024-09-21T21:36:40.007Z [info]:  Incoming GET : /items
2024-09-21T21:37:11.425Z [info]:  Incoming GET : /refundRequests
2024-09-21T21:39:02.712Z [info]:  Incoming GET : /refundRequests
2024-09-21T21:40:28.069Z [info]: Server is listening on port: 3000
2024-09-21T21:40:32.103Z [info]:  Incoming GET : /refundRequests
2024-09-21T21:40:40.541Z [info]:  Incoming GET : /refundRequests
2024-09-21T21:40:45.131Z [info]:  Incoming GET : /refundRequests
2024-09-22T00:30:33.508Z [info]: Server is listening on port: 3000
2024-09-22T00:30:37.742Z [info]:  Incoming GET : /refundRequests
2024-09-23T02:08:55.129Z [info]: Server is listening on port: 3000
2024-09-23T02:10:23.810Z [info]: Server is listening on port: 3000
2024-09-23T02:11:39.030Z [info]: Server is listening on port: 3000
2024-09-23T02:16:24.457Z [info]: Server is listening on port: 3000
2024-09-23T02:23:03.744Z [info]:  Incoming POST : /refundRequests
2024-09-23T02:23:15.470Z [info]:  Incoming POST : /refundRequests
2024-09-23T02:23:24.911Z [info]:  Incoming POST : /refundRequests
2024-09-23T03:08:04.255Z [info]: Server is listening on port: 3000
2024-09-23T03:08:12.736Z [info]:  Incoming POST : /Accounts
2024-09-23T03:08:12.757Z [info]: Incoming POST : /Accounts
2024-09-23T03:09:41.274Z [info]:  Incoming POST : /Accounts
2024-09-23T03:09:41.276Z [info]: Incoming POST : /Accounts
2024-09-23T03:12:09.326Z [info]: Server is listening on port: 3000
2024-09-23T03:12:17.432Z [info]:  Incoming POST : /Accounts
2024-09-23T03:12:17.450Z [info]: Incoming POST : /Accounts
2024-09-23T03:12:41.882Z [info]: Server is listening on port: 3000
2024-09-23T03:13:07.184Z [info]:  Incoming POST : /Accounts
2024-09-23T03:13:07.201Z [info]: Incoming POST : /Accounts
2024-09-23T03:14:41.817Z [info]:  Incoming POST : /Accounts
2024-09-23T03:14:41.817Z [info]: Incoming POST : /Accounts
2024-09-23T03:15:08.651Z [info]:  Incoming POST : /Accounts
2024-09-23T03:15:08.652Z [info]: Incoming POST : /Accounts
2024-09-23T03:16:55.951Z [info]:  Incoming POST : /Accounts
2024-09-23T03:16:55.951Z [info]: Incoming POST : /Accounts
2024-09-23T03:18:31.210Z [info]: Server is listening on port: 3000
2024-09-23T03:18:36.186Z [info]:  Incoming POST : /Accounts
2024-09-23T03:18:36.206Z [info]: Incoming POST : /Accounts
2024-09-23T03:21:40.535Z [info]: Server is listening on port: 3000
2024-09-23T03:21:45.136Z [info]:  Incoming POST : /Accounts
2024-09-23T03:21:45.153Z [info]: Incoming POST : /Accounts
2024-09-23T03:22:58.111Z [info]: Server is listening on port: 3000
2024-09-23T03:23:01.760Z [info]:  Incoming POST : /Accounts
2024-09-23T03:23:01.775Z [info]: Incoming POST : /Accounts
2024-09-23T03:35:58.077Z [info]: Server is listening on port: 3000
2024-09-23T03:36:06.500Z [info]:  Incoming POST : /Accounts
2024-09-23T03:36:06.517Z [info]: Incoming POST : /Accounts
2024-09-23T03:37:44.258Z [info]: Server is listening on port: 3000
2024-09-23T03:37:46.747Z [info]:  Incoming POST : /Accounts
2024-09-23T03:37:46.763Z [info]: Incoming POST : /Accounts
2024-09-23T03:40:18.031Z [info]: Server is listening on port: 3000
2024-09-23T03:40:24.114Z [info]:  Incoming POST : /Accounts
2024-09-23T03:40:24.153Z [info]: Incoming POST : /Accounts
2024-09-23T03:42:44.959Z [info]: Server is listening on port: 3000
2024-09-23T03:42:50.093Z [info]:  Incoming POST : /Accounts
2024-09-23T03:47:07.931Z [info]: Server is listening on port: 3000
2024-09-23T03:47:12.193Z [info]:  Incoming POST : /Accounts
2024-09-23T03:47:12.326Z [error]: Region is missing
2024-09-23T13:32:14.435Z [info]: Server is listening on port: 3000
2024-09-23T13:32:21.906Z [info]:  Incoming POST : /Accounts
2024-09-23T13:32:21.941Z [error]: Region is missing
2024-09-23T13:39:35.040Z [info]: Server is listening on port: 3000
2024-09-23T13:39:39.918Z [info]:  Incoming POST : /Accounts
2024-09-23T13:39:39.960Z [error]: Region is missing
2024-09-23T13:43:43.598Z [info]: Server is listening on port: 3000
2024-09-23T13:43:50.918Z [info]:  Incoming POST : /Accounts
2024-09-23T13:43:50.963Z [error]: Region is missing
2024-09-23T13:44:53.298Z [info]: Server is listening on port: 3000
2024-09-23T13:44:55.845Z [info]:  Incoming POST : /Accounts
2024-09-23T13:44:55.884Z [error]: Region is missing
2024-09-23T13:47:37.607Z [info]: Server is listening on port: 3000
2024-09-23T13:48:50.070Z [info]: Server is listening on port: 3000
2024-09-23T13:48:58.456Z [info]:  Incoming POST : /Accounts
2024-09-23T13:48:58.485Z [info]: Incoming POST : /Accounts
2024-09-23T13:48:58.772Z [error]: One or more parameter values were invalid: Missing the key Account ID in the item
2024-09-23T14:06:36.723Z [info]: Server is listening on port: 3000
2024-09-23T14:06:37.976Z [info]:  Incoming POST : /Accounts
2024-09-23T14:06:38.012Z [info]: Incoming POST : /Accounts
2024-09-23T14:06:38.240Z [error]: One or more parameter values were invalid: Missing the key AccountID  in the item
2024-09-23T14:24:14.702Z [info]: Server is listening on port: 3000
2024-09-23T14:24:20.723Z [info]:  Incoming POST : /Accounts
2024-09-23T14:24:20.755Z [info]: Incoming POST : /Accounts
2024-09-23T14:24:21.034Z [error]: One or more parameter values were invalid: Missing the key AccountID  in the item
2024-09-23T14:27:35.369Z [info]: Server is listening on port: 3000
2024-09-23T14:27:42.512Z [info]:  Incoming POST : /Accounts
2024-09-23T14:27:42.543Z [info]: Incoming POST : /Accounts
2024-09-23T14:27:42.799Z [error]: One or more parameter values were invalid: Missing the key AccountID  in the item
2024-09-23T14:45:28.565Z [info]: Server is listening on port: 3000
2024-09-23T14:45:32.143Z [info]:  Incoming POST : /Accounts
2024-09-23T14:45:32.173Z [info]: Incoming POST : /Accounts
